  Source.cpp
C:\Users\turtl\source\repos\OpenGL3DEngine\OpenGL3DEngine\Camera.h(72,14): warning C4244: 'initializing': conversion from 'double' to 'float', possible loss of data
C:\Users\turtl\source\repos\OpenGL3DEngine\OpenGL3DEngine\Camera.h(73,14): warning C4244: 'initializing': conversion from 'double' to 'float', possible loss of data
C:\Users\turtl\source\repos\OpenGL3DEngine\OpenGL3DEngine\GameObject.h(58,1): warning C4267: 'argument': conversion from 'size_t' to 'GLsizei', possible loss of data
C:\Users\turtl\source\repos\OpenGL3DEngine\OpenGL3DEngine\Source.cpp(211,22): warning C4244: 'initializing': conversion from 'double' to 'float', possible loss of data
C:\Program Files\Microsoft Visual Studio\2022\Community\VC\Tools\MSVC\14.34.31933\include\xmemory(680,68): warning C4244: 'argument': conversion from '_Ty' to 'float', possible loss of data
          with
          [
              _Ty=int
          ]
C:\Program Files\Microsoft Visual Studio\2022\Community\VC\Tools\MSVC\14.34.31933\include\vector(852,1): message : see reference to function template instantiation 'void std::_Default_allocator_traits<_Alloc>::construct<_Ty,int,int,int,int,int,int,int,int>(_Alloc &,_Objty *const ,int &&,int &&,int &&,int &&,int &&,int &&,int &&,int &&)' being compiled
          with
          [
              _Alloc=std::allocator<Vertex>,
              _Ty=Vertex,
              _Objty=Vertex
          ]
C:\Program Files\Microsoft Visual Studio\2022\Community\VC\Tools\MSVC\14.34.31933\include\vector(863,36): message : see reference to function template instantiation 'void std::_Default_allocator_traits<_Alloc>::construct<_Ty,int,int,int,int,int,int,int,int>(_Alloc &,_Objty *const ,int &&,int &&,int &&,int &&,int &&,int &&,int &&,int &&)' being compiled
          with
          [
              _Alloc=std::allocator<Vertex>,
              _Ty=Vertex,
              _Objty=Vertex
          ]
C:\Program Files\Microsoft Visual Studio\2022\Community\VC\Tools\MSVC\14.34.31933\include\vector(839,1): message : see reference to function template instantiation '_Ty &std::vector<_Ty,std::allocator<_Ty>>::_Emplace_back_with_unused_capacity<int,int,int,int,int,int,int,int>(int &&,int &&,int &&,int &&,int &&,int &&,int &&,int &&)' being compiled
          with
          [
              _Ty=Vertex
          ]
C:\Program Files\Microsoft Visual Studio\2022\Community\VC\Tools\MSVC\14.34.31933\include\vector(845,13): message : see reference to function template instantiation '_Ty &std::vector<_Ty,std::allocator<_Ty>>::_Emplace_back_with_unused_capacity<int,int,int,int,int,int,int,int>(int &&,int &&,int &&,int &&,int &&,int &&,int &&,int &&)' being compiled
          with
          [
              _Ty=Vertex
          ]
C:\Program Files\Microsoft Visual Studio\2022\Community\VC\Tools\MSVC\14.34.31933\include\vector(925,1): message : see reference to function template instantiation '_Ty &std::vector<_Ty,std::allocator<_Ty>>::_Emplace_one_at_back<int,int,int,int,int,int,int,int>(int &&,int &&,int &&,int &&,int &&,int &&,int &&,int &&)' being compiled
          with
          [
              _Ty=Vertex
          ]
C:\Program Files\Microsoft Visual Studio\2022\Community\VC\Tools\MSVC\14.34.31933\include\vector(927,14): message : see reference to function template instantiation '_Ty &std::vector<_Ty,std::allocator<_Ty>>::_Emplace_one_at_back<int,int,int,int,int,int,int,int>(int &&,int &&,int &&,int &&,int &&,int &&,int &&,int &&)' being compiled
          with
          [
              _Ty=Vertex
          ]
C:\Users\turtl\source\repos\OpenGL3DEngine\OpenGL3DEngine\Source.cpp(183,50): message : see reference to function template instantiation 'void std::vector<Vertex,std::allocator<Vertex>>::emplace_back<int,int,int,int,int,int,int,int>(int &&,int &&,int &&,int &&,int &&,int &&,int &&,int &&)' being compiled
  OpenGL3DEngine.vcxproj -> C:\Users\turtl\source\repos\OpenGL3DEngine\OpenGL3DEngine\x64\Debug\OpenGL3DEngine.exe
